<?xml version="1.0" encoding="UTF-8"?>
<!-- Generated by org.testng.reporters.JUnitXMLReporter -->
<testsuite hostname="M5290478" failures="1" tests="4" name="Test" time="17.989" errors="0" timestamp="12 Jul 2021 03:50:21 GMT">
  <testcase classname="com.testcases.Login" name="fillContactData" time="0.322"/>
  <testcase classname="com.testcases.FreeDayTrial" name="testMethod1" time="14.394">
    <failure type="org.openqa.selenium.TimeoutException" message="Expected condition failed: waiting for presence of element located by: By.xpath: //div[@id=&amp;apos;Form_submitForm_FirstName_Holder&amp;apos;]/label12 (tried for 10 second(s) with 500 milliseconds interval)">
      <![CDATA[org.openqa.selenium.TimeoutException: Expected condition failed: waiting for presence of element located by: By.xpath: //div[@id='Form_submitForm_FirstName_Holder']/label12 (tried for 10 second(s) with 500 milliseconds interval)
	at org.openqa.selenium.support.ui.WebDriverWait.timeoutException(WebDriverWait.java:113)
	at org.openqa.selenium.support.ui.FluentWait.until(FluentWait.java:283)
	at waitUtility.WaitUntil.elementPresent(WaitUntil.java:39)
	at com.pages.Free30DaysTrialPage.gettxtFirstName(Free30DaysTrialPage.java:60)
	at com.testcases.FreeDayTrial.testMethod1(FreeDayTrial.java:28)
Caused by: org.openqa.selenium.NoSuchElementException: Cannot locate an element using By.xpath: //div[@id='Form_submitForm_FirstName_Holder']/label12
For documentation on this error, please visit: http://seleniumhq.org/exceptions/no_such_element.html
Build info: version: '3.14.0', revision: 'aacccce0', time: '2018-08-02T20:19:58.91Z'
System info: host: 'M5290478', ip: '192.168.56.1', os.name: 'Windows 10', os.arch: 'amd64', os.version: '10.0', java.version: '15.0.2'
Driver info: driver.version: unknown
	at org.openqa.selenium.support.ui.ExpectedConditions.lambda$findElement$0(ExpectedConditions.java:896)
	at java.base/java.util.Optional.orElseThrow(Optional.java:401)
	at org.openqa.selenium.support.ui.ExpectedConditions.findElement(ExpectedConditions.java:895)
	at org.openqa.selenium.support.ui.ExpectedConditions.access$000(ExpectedConditions.java:44)
	at org.openqa.selenium.support.ui.ExpectedConditions$6.apply(ExpectedConditions.java:183)
	at org.openqa.selenium.support.ui.ExpectedConditions$6.apply(ExpectedConditions.java:180)
	at org.openqa.selenium.support.ui.FluentWait.until(FluentWait.java:260)
	... 28 more
... Removed 25 stack frames]]>
    </failure>
  </testcase> <!-- testMethod1 -->
  <testcase classname="com.testcases.FreeDayTrial" name="testMethod2" time="0.001"/>
  <testcase classname="com.testcases.FreeDayTrial" name="testMethod3" time="0.002"/>
</testsuite> <!-- Test -->
